# JRE version: OpenJDK Runtime Environment (17.0.6) (build 17.0.6+0-b2043.56-9586694)
# Java VM: OpenJDK 64-Bit Server VM (17.0.6+0-b2043.56-9586694, mixed mode, tiered, compressed oops, compressed class ptrs, g1 gc, windows-amd64)
GC Precious Log:
 CPUs: 4 total, 4 available
 Memory: 8064M
 Large Page Support: Disabled
 NUMA Support: Disabled
 Compressed Oops: Enabled (32-bit)
 Heap Region Size: 1M
 Heap Min Capacity: 8M
 Heap Initial Capacity: 128M
 Heap Max Capacity: 2018M
 Pre-touch: Disabled
 Parallel Workers: 4
 Concurrent Workers: 1
 Concurrent Refinement Workers: 4
 Periodic GC: Disabled
Heap:
 garbage-first heap   total 286720K, used 188389K [0x0000000081e00000, 0x0000000100000000)
  region size 1024K, 8 young (8192K), 8 survivors (8192K)
 Metaspace       used 93510K, committed 93952K, reserved 1138688K
  class space    used 10223K, committed 10432K, reserved 1048576K
GC Heap History (20 events):
Event: 48.822 GC heap after
{Heap after GC invocations=26 (full 0):
 garbage-first heap   total 246784K, used 128904K [0x0000000081e00000, 0x0000000100000000)
  region size 1024K, 8 young (8192K), 8 survivors (8192K)
 Metaspace       used 74778K, committed 75200K, reserved 1122304K
  class space    used 8347K, committed 8576K, reserved 1048576K
}
Event: 51.833 GC heap before
{Heap before GC invocations=26 (full 0):
 garbage-first heap   total 246784K, used 203656K [0x0000000081e00000, 0x0000000100000000)
  region size 1024K, 81 young (82944K), 8 survivors (8192K)
 Metaspace       used 75767K, committed 76224K, reserved 1122304K
  class space    used 8524K, committed 8768K, reserved 1048576K
}
Event: 51.867 GC heap after
{Heap after GC invocations=27 (full 0):
 garbage-first heap   total 246784K, used 135103K [0x0000000081e00000, 0x0000000100000000)
  region size 1024K, 6 young (6144K), 6 survivors (6144K)
 Metaspace       used 75767K, committed 76224K, reserved 1122304K
  class space    used 8524K, committed 8768K, reserved 1048576K
}
Event: 54.971 GC heap before
{Heap before GC invocations=28 (full 0):
 garbage-first heap   total 250880K, used 204735K [0x0000000081e00000, 0x0000000100000000)
  region size 1024K, 74 young (75776K), 6 survivors (6144K)
 Metaspace       used 75773K, committed 76288K, reserved 1122304K
  class space    used 8525K, committed 8768K, reserved 1048576K
}
Event: 54.997 GC heap after
{Heap after GC invocations=29 (full 0):
 garbage-first heap   total 250880K, used 138468K [0x0000000081e00000, 0x0000000100000000)
  region size 1024K, 10 young (10240K), 10 survivors (10240K)
 Metaspace       used 75773K, committed 76288K, reserved 1122304K
  class space    used 8525K, committed 8768K, reserved 1048576K
}
Event: 55.080 GC heap before
{Heap before GC invocations=29 (full 0):
 garbage-first heap   total 250880K, used 140516K [0x0000000081e00000, 0x0000000100000000)
  region size 1024K, 12 young (12288K), 10 survivors (10240K)
 Metaspace       used 75773K, committed 76288K, reserved 1122304K
  class space    used 8525K, committed 8768K, reserved 1048576K
}
Event: 55.103 GC heap after
{Heap after GC invocations=30 (full 0):
 garbage-first heap   total 250880K, used 139047K [0x0000000081e00000, 0x0000000100000000)
  region size 1024K, 2 young (2048K), 2 survivors (2048K)
 Metaspace       used 75773K, committed 76288K, reserved 1122304K
  class space    used 8525K, committed 8768K, reserved 1048576K
}
Event: 57.796 GC heap before
{Heap before GC invocations=30 (full 0):
 garbage-first heap   total 250880K, used 218919K [0x0000000081e00000, 0x0000000100000000)
  region size 1024K, 71 young (72704K), 2 survivors (2048K)
 Metaspace       used 76160K, committed 76608K, reserved 1122304K
  class space    used 8551K, committed 8768K, reserved 1048576K
}
Event: 57.818 GC heap after
{Heap after GC invocations=31 (full 0):
 garbage-first heap   total 250880K, used 151668K [0x0000000081e00000, 0x0000000100000000)
  region size 1024K, 5 young (5120K), 5 survivors (5120K)
 Metaspace       used 76160K, committed 76608K, reserved 1122304K
  class space    used 8551K, committed 8768K, reserved 1048576K
}
Event: 59.617 GC heap before
{Heap before GC invocations=32 (full 0):
 garbage-first heap   total 286720K, used 207988K [0x0000000081e00000, 0x0000000100000000)
  region size 1024K, 62 young (63488K), 5 survivors (5120K)
 Metaspace       used 76435K, committed 76864K, reserved 1122304K
  class space    used 8556K, committed 8768K, reserved 1048576K
}
Event: 59.638 GC heap after
{Heap after GC invocations=33 (full 0):
 garbage-first heap   total 286720K, used 151348K [0x0000000081e00000, 0x0000000100000000)
  region size 1024K, 2 young (2048K), 2 survivors (2048K)
 Metaspace       used 76435K, committed 76864K, reserved 1122304K
  class space    used 8556K, committed 8768K, reserved 1048576K
}
Event: 59.850 GC heap before
{Heap before GC invocations=33 (full 0):
 garbage-first heap   total 286720K, used 163636K [0x0000000081e00000, 0x0000000100000000)
  region size 1024K, 14 young (14336K), 2 survivors (2048K)
 Metaspace       used 76458K, committed 76928K, reserved 1122304K
  class space    used 8557K, committed 8768K, reserved 1048576K
}
Event: 59.862 GC heap after
{Heap after GC invocations=34 (full 0):
 garbage-first heap   total 286720K, used 150340K [0x0000000081e00000, 0x0000000100000000)
  region size 1024K, 1 young (1024K), 1 survivors (1024K)
 Metaspace       used 76458K, committed 76928K, reserved 1122304K
  class space    used 8557K, committed 8768K, reserved 1048576K
}
Event: 62.757 GC heap before
{Heap before GC invocations=34 (full 0):
 garbage-first heap   total 286720K, used 241476K [0x0000000081e00000, 0x0000000100000000)
  region size 1024K, 90 young (92160K), 1 survivors (1024K)
 Metaspace       used 82537K, committed 83008K, reserved 1130496K
  class space    used 9151K, committed 9408K, reserved 1048576K
}
Event: 62.774 GC heap after
{Heap after GC invocations=35 (full 0):
 garbage-first heap   total 286720K, used 153560K [0x0000000081e00000, 0x0000000100000000)
  region size 1024K, 4 young (4096K), 4 survivors (4096K)
 Metaspace       used 82537K, committed 83008K, reserved 1130496K
  class space    used 9151K, committed 9408K, reserved 1048576K
}
Event: 66.118 GC heap before
{Heap before GC invocations=35 (full 0):
 garbage-first heap   total 286720K, used 242648K [0x0000000081e00000, 0x0000000100000000)
  region size 1024K, 91 young (93184K), 4 survivors (4096K)
 Metaspace       used 83441K, committed 83904K, reserved 1130496K
  class space    used 9196K, committed 9408K, reserved 1048576K
}
Event: 66.187 GC heap after
{Heap after GC invocations=36 (full 0):
 garbage-first heap   total 286720K, used 170478K [0x0000000081e00000, 0x0000000100000000)
  region size 1024K, 12 young (12288K), 12 survivors (12288K)
 Metaspace       used 83441K, committed 83904K, reserved 1130496K
  class space    used 9196K, committed 9408K, reserved 1048576K
}
Event: 68.280 GC heap before
{Heap before GC invocations=36 (full 0):
 garbage-first heap   total 286720K, used 237038K [0x0000000081e00000, 0x0000000100000000)
  region size 1024K, 77 young (78848K), 12 survivors (12288K)
 Metaspace       used 87136K, committed 87616K, reserved 1130496K
  class space    used 9548K, committed 9792K, reserved 1048576K
}
Event: 68.345 GC heap after
{Heap after GC invocations=37 (full 0):
 garbage-first heap   total 286720K, used 180507K [0x0000000081e00000, 0x0000000100000000)
  region size 1024K, 10 young (10240K), 10 survivors (10240K)
 Metaspace       used 87136K, committed 87616K, reserved 1130496K
  class space    used 9548K, committed 9792K, reserved 1048576K
}
Event: 70.659 GC heap before
{Heap before GC invocations=37 (full 0):
 garbage-first heap   total 286720K, used 236827K [0x0000000081e00000, 0x0000000100000000)
  region size 1024K, 65 young (66560K), 10 survivors (10240K)
 Metaspace       used 93510K, committed 93952K, reserved 1138688K
  class space    used 10223K, committed 10432K, reserved 1048576K
}

